<?xml version="1.0" encoding="UTF-8"?>
<!-- Generated by org.testng.reporters.JUnitXMLReporter -->
<testsuite hostname="DESKTOP-Q6H280O" ignored="0" name="ChromeTest" tests="2" failures="0" timestamp="2024-05-02T12:46:18 EDT" time="34.902" errors="0">
  <testcase name="loginTest" time="12.928" classname="com.automation.ticketreservation.testCases.TestCase1"/>
  <testcase name="forgotPasswordTest" time="12.47" classname="com.automation.ticketreservation.testCases.TestCase3"/>
</testsuite> <!-- ChromeTest -->
